This is pdfTeX, Version 3.1415926-2.5-1.40.14 (TeX Live 2013) (format=pdflatex 2013.7.4)  23 JUL 2013 14:47
entering extended mode
 \write18 enabled.
 %&-line parsing enabled.
**\input{traffic_matrix_sigcomm.tex}
(./traffic_matrix_sigcomm.tex
(/usr/local/texlive/2013/texmf-dist/tex/latex/base/article.cls
Document Class: article 2007/10/19 v1.4h Standard LaTeX document class
(/usr/local/texlive/2013/texmf-dist/tex/latex/base/size10.clo
File: size10.clo 2007/10/19 v1.4h Standard LaTeX file (size option)
)
\c@part=\count79
\c@section=\count80
\c@subsection=\count81
\c@subsubsection=\count82
\c@paragraph=\count83
\c@subparagraph=\count84
\c@figure=\count85
\c@table=\count86
\abovecaptionskip=\skip41
\belowcaptionskip=\skip42
\bibindent=\dimen102
)
(/usr/local/texlive/2013/texmf-dist/tex/latex/cite/cite.sty
LaTeX Info: Redefining \cite on input line 302.
LaTeX Info: Redefining \nocite on input line 373.
Package: cite 2010/09/10  v 5.3
)
(/usr/local/texlive/2013/texmf-dist/tex/latex/bbm-macros/bbm.sty
Package: bbm 1999/03/15 V 1.2 provides fonts for set symbols - TH
LaTeX Font Info:    Overwriting math alphabet `\mathbbm' in version `bold'
(Font)                  U/bbm/m/n --> U/bbm/bx/n on input line 33.
LaTeX Font Info:    Overwriting math alphabet `\mathbbmss' in version `bold'
(Font)                  U/bbmss/m/n --> U/bbmss/bx/n on input line 35.
)
(/usr/local/texlive/2013/texmf-dist/tex/latex/amsfonts/amssymb.sty
Package: amssymb 2013/01/14 v3.01 AMS font symbols

(/usr/local/texlive/2013/texmf-dist/tex/latex/amsfonts/amsfonts.sty
Package: amsfonts 2013/01/14 v3.01 Basic AMSFonts support
\@emptytoks=\toks14
\symAMSa=\mathgroup4
\symAMSb=\mathgroup5
LaTeX Font Info:    Overwriting math alphabet `\mathfrak' in version `bold'
(Font)                  U/euf/m/n --> U/euf/b/n on input line 106.
))
(/usr/local/texlive/2013/texmf-dist/tex/latex/amsmath/amsmath.sty
Package: amsmath 2013/01/14 v2.14 AMS math features
\@mathmargin=\skip43

For additional information on amsmath, use the `?' option.
(/usr/local/texlive/2013/texmf-dist/tex/latex/amsmath/amstext.sty
Package: amstext 2000/06/29 v2.01

(/usr/local/texlive/2013/texmf-dist/tex/latex/amsmath/amsgen.sty
File: amsgen.sty 1999/11/30 v2.0
\@emptytoks=\toks15
\ex@=\dimen103
))
(/usr/local/texlive/2013/texmf-dist/tex/latex/amsmath/amsbsy.sty
Package: amsbsy 1999/11/29 v1.2d
\pmbraise@=\dimen104
)
(/usr/local/texlive/2013/texmf-dist/tex/latex/amsmath/amsopn.sty
Package: amsopn 1999/12/14 v2.01 operator names
)
\inf@bad=\count87
LaTeX Info: Redefining \frac on input line 210.
\uproot@=\count88
\leftroot@=\count89
LaTeX Info: Redefining \overline on input line 306.
\classnum@=\count90
\DOTSCASE@=\count91
LaTeX Info: Redefining \ldots on input line 378.
LaTeX Info: Redefining \dots on input line 381.
LaTeX Info: Redefining \cdots on input line 466.
\Mathstrutbox@=\box26
\strutbox@=\box27
\big@size=\dimen105
LaTeX Font Info:    Redeclaring font encoding OML on input line 566.
LaTeX Font Info:    Redeclaring font encoding OMS on input line 567.
\macc@depth=\count92
\c@MaxMatrixCols=\count93
\dotsspace@=\muskip10
\c@parentequation=\count94
\dspbrk@lvl=\count95
\tag@help=\toks16
\row@=\count96
\column@=\count97
\maxfields@=\count98
\andhelp@=\toks17
\eqnshift@=\dimen106
\alignsep@=\dimen107
\tagshift@=\dimen108
\tagwidth@=\dimen109
\totwidth@=\dimen110
\lineht@=\dimen111
\@envbody=\toks18
\multlinegap=\skip44
\multlinetaggap=\skip45
\mathdisplay@stack=\toks19
LaTeX Info: Redefining \[ on input line 2665.
LaTeX Info: Redefining \] on input line 2666.
)
(/usr/local/texlive/2013/texmf-dist/tex/latex/base/latexsym.sty
Package: latexsym 1998/08/17 v2.2e Standard LaTeX package (lasy symbols)
\symlasy=\mathgroup6
LaTeX Font Info:    Overwriting symbol font `lasy' in version `bold'
(Font)                  U/lasy/m/n --> U/lasy/b/n on input line 47.
)
(/usr/local/texlive/2013/texmf-dist/tex/latex/amscls/amsthm.sty
Package: amsthm 2004/08/06 v2.20
\thm@style=\toks20
\thm@bodyfont=\toks21
\thm@headfont=\toks22
\thm@notefont=\toks23
\thm@headpunct=\toks24
\thm@preskip=\skip46
\thm@postskip=\skip47
\thm@headsep=\skip48
\dth@everypar=\toks25
)
(/usr/local/texlive/2013/texmf-dist/tex/latex/graphics/graphicx.sty
Package: graphicx 1999/02/16 v1.0f Enhanced LaTeX Graphics (DPC,SPQR)

(/usr/local/texlive/2013/texmf-dist/tex/latex/graphics/keyval.sty
Package: keyval 1999/03/16 v1.13 key=value parser (DPC)
\KV@toks@=\toks26
)
(/usr/local/texlive/2013/texmf-dist/tex/latex/graphics/graphics.sty
Package: graphics 2009/02/05 v1.0o Standard LaTeX Graphics (DPC,SPQR)

(/usr/local/texlive/2013/texmf-dist/tex/latex/graphics/trig.sty
Package: trig 1999/03/16 v1.09 sin cos tan (DPC)
)
(/usr/local/texlive/2013/texmf-dist/tex/latex/latexconfig/graphics.cfg
File: graphics.cfg 2010/04/23 v1.9 graphics configuration of TeX Live
)
Package graphics Info: Driver file: pdftex.def on input line 91.

(/usr/local/texlive/2013/texmf-dist/tex/latex/pdftex-def/pdftex.def
File: pdftex.def 2011/05/27 v0.06d Graphics/color for pdfTeX

(/usr/local/texlive/2013/texmf-dist/tex/generic/oberdiek/infwarerr.sty
Package: infwarerr 2010/04/08 v1.3 Providing info/warning/error messages (HO)
)
(/usr/local/texlive/2013/texmf-dist/tex/generic/oberdiek/ltxcmds.sty
Package: ltxcmds 2011/11/09 v1.22 LaTeX kernel commands for general use (HO)
)
\Gread@gobject=\count99
))
\Gin@req@height=\dimen112
\Gin@req@width=\dimen113
)
(/usr/local/texlive/2013/texmf-dist/tex/latex/graphics/color.sty
Package: color 2005/11/14 v1.0j Standard LaTeX Color (DPC)

(/usr/local/texlive/2013/texmf-dist/tex/latex/latexconfig/color.cfg
File: color.cfg 2007/01/18 v1.5 color configuration of teTeX/TeXLive
)
Package color Info: Driver file: pdftex.def on input line 130.
)
(/usr/local/texlive/2013/texmf-dist/tex/latex/pgf/frontendlayer/tikz.sty
(/usr/local/texlive/2013/texmf-dist/tex/latex/pgf/basiclayer/pgf.sty
(/usr/local/texlive/2013/texmf-dist/tex/latex/pgf/utilities/pgfrcs.sty
(/usr/local/texlive/2013/texmf-dist/tex/generic/pgf/utilities/pgfutil-common.te
x
\pgfutil@everybye=\toks27
)
(/usr/local/texlive/2013/texmf-dist/tex/generic/pgf/utilities/pgfutil-latex.def
\pgfutil@abb=\box28
(/usr/local/texlive/2013/texmf-dist/tex/latex/ms/everyshi.sty
Package: everyshi 2001/05/15 v3.00 EveryShipout Package (MS)
))
(/usr/local/texlive/2013/texmf-dist/tex/generic/pgf/utilities/pgfrcs.code.tex
Package: pgfrcs 2010/10/25 v2.10 (rcs-revision 1.24)
))
Package: pgf 2008/01/15 v2.10 (rcs-revision 1.12)
(/usr/local/texlive/2013/texmf-dist/tex/latex/pgf/basiclayer/pgfcore.sty
(/usr/local/texlive/2013/texmf-dist/tex/latex/pgf/systemlayer/pgfsys.sty
(/usr/local/texlive/2013/texmf-dist/tex/generic/pgf/systemlayer/pgfsys.code.tex
Package: pgfsys 2010/06/30 v2.10 (rcs-revision 1.37)
(/usr/local/texlive/2013/texmf-dist/tex/generic/pgf/utilities/pgfkeys.code.tex
\pgfkeys@pathtoks=\toks28
\pgfkeys@temptoks=\toks29

(/usr/local/texlive/2013/texmf-dist/tex/generic/pgf/utilities/pgfkeysfiltered.c
ode.tex
\pgfkeys@tmptoks=\toks30
))
\pgf@x=\dimen114
\pgf@y=\dimen115
\pgf@xa=\dimen116
\pgf@ya=\dimen117
\pgf@xb=\dimen118
\pgf@yb=\dimen119
\pgf@xc=\dimen120
\pgf@yc=\dimen121
\w@pgf@writea=\write3
\r@pgf@reada=\read1
\c@pgf@counta=\count100
\c@pgf@countb=\count101
\c@pgf@countc=\count102
\c@pgf@countd=\count103

(/usr/local/texlive/2013/texmf-dist/tex/generic/pgf/systemlayer/pgf.cfg
File: pgf.cfg 2008/05/14  (rcs-revision 1.7)
)
Package pgfsys Info: Driver file for pgf: pgfsys-pdftex.def on input line 900.

(/usr/local/texlive/2013/texmf-dist/tex/generic/pgf/systemlayer/pgfsys-pdftex.d
ef
File: pgfsys-pdftex.def 2009/05/22  (rcs-revision 1.26)

(/usr/local/texlive/2013/texmf-dist/tex/generic/pgf/systemlayer/pgfsys-common-p
df.def
File: pgfsys-common-pdf.def 2008/05/19  (rcs-revision 1.10)
)))
(/usr/local/texlive/2013/texmf-dist/tex/generic/pgf/systemlayer/pgfsyssoftpath.
code.tex
File: pgfsyssoftpath.code.tex 2008/07/18  (rcs-revision 1.7)
\pgfsyssoftpath@smallbuffer@items=\count104
\pgfsyssoftpath@bigbuffer@items=\count105
)
(/usr/local/texlive/2013/texmf-dist/tex/generic/pgf/systemlayer/pgfsysprotocol.
code.tex
File: pgfsysprotocol.code.tex 2006/10/16  (rcs-revision 1.4)
)) (/usr/local/texlive/2013/texmf-dist/tex/latex/xcolor/xcolor.sty
Package: xcolor 2007/01/21 v2.11 LaTeX color extensions (UK)

(/usr/local/texlive/2013/texmf-dist/tex/latex/latexconfig/color.cfg
File: color.cfg 2007/01/18 v1.5 color configuration of teTeX/TeXLive
)
Package xcolor Info: Driver file: pdftex.def on input line 225.
LaTeX Info: Redefining \color on input line 702.
Package xcolor Info: Model `cmy' substituted by `cmy0' on input line 1337.
Package xcolor Info: Model `hsb' substituted by `rgb' on input line 1341.
Package xcolor Info: Model `RGB' extended on input line 1353.
Package xcolor Info: Model `HTML' substituted by `rgb' on input line 1355.
Package xcolor Info: Model `Hsb' substituted by `hsb' on input line 1356.
Package xcolor Info: Model `tHsb' substituted by `hsb' on input line 1357.
Package xcolor Info: Model `HSB' substituted by `hsb' on input line 1358.
Package xcolor Info: Model `Gray' substituted by `gray' on input line 1359.
Package xcolor Info: Model `wave' substituted by `hsb' on input line 1360.
)
(/usr/local/texlive/2013/texmf-dist/tex/generic/pgf/basiclayer/pgfcore.code.tex
Package: pgfcore 2010/04/11 v2.10 (rcs-revision 1.7)
(/usr/local/texlive/2013/texmf-dist/tex/generic/pgf/math/pgfmath.code.tex
(/usr/local/texlive/2013/texmf-dist/tex/generic/pgf/math/pgfmathcalc.code.tex
(/usr/local/texlive/2013/texmf-dist/tex/generic/pgf/math/pgfmathutil.code.tex)
(/usr/local/texlive/2013/texmf-dist/tex/generic/pgf/math/pgfmathparser.code.tex
\pgfmath@dimen=\dimen122
\pgfmath@count=\count106
\pgfmath@box=\box29
\pgfmath@toks=\toks31
\pgfmath@stack@operand=\toks32
\pgfmath@stack@operation=\toks33
)
(/usr/local/texlive/2013/texmf-dist/tex/generic/pgf/math/pgfmathfunctions.code.
tex
(/usr/local/texlive/2013/texmf-dist/tex/generic/pgf/math/pgfmathfunctions.basic
.code.tex)
(/usr/local/texlive/2013/texmf-dist/tex/generic/pgf/math/pgfmathfunctions.trigo
nometric.code.tex)
(/usr/local/texlive/2013/texmf-dist/tex/generic/pgf/math/pgfmathfunctions.rando
m.code.tex)
(/usr/local/texlive/2013/texmf-dist/tex/generic/pgf/math/pgfmathfunctions.compa
rison.code.tex)
(/usr/local/texlive/2013/texmf-dist/tex/generic/pgf/math/pgfmathfunctions.base.
code.tex)
(/usr/local/texlive/2013/texmf-dist/tex/generic/pgf/math/pgfmathfunctions.round
.code.tex)
(/usr/local/texlive/2013/texmf-dist/tex/generic/pgf/math/pgfmathfunctions.misc.
code.tex)))
(/usr/local/texlive/2013/texmf-dist/tex/generic/pgf/math/pgfmathfloat.code.tex
\c@pgfmathroundto@lastzeros=\count107
))
(/usr/local/texlive/2013/texmf-dist/tex/generic/pgf/basiclayer/pgfcorepoints.co
de.tex
File: pgfcorepoints.code.tex 2010/04/09  (rcs-revision 1.20)
\pgf@picminx=\dimen123
\pgf@picmaxx=\dimen124
\pgf@picminy=\dimen125
\pgf@picmaxy=\dimen126
\pgf@pathminx=\dimen127
\pgf@pathmaxx=\dimen128
\pgf@pathminy=\dimen129
\pgf@pathmaxy=\dimen130
\pgf@xx=\dimen131
\pgf@xy=\dimen132
\pgf@yx=\dimen133
\pgf@yy=\dimen134
\pgf@zx=\dimen135
\pgf@zy=\dimen136
)
(/usr/local/texlive/2013/texmf-dist/tex/generic/pgf/basiclayer/pgfcorepathconst
ruct.code.tex
File: pgfcorepathconstruct.code.tex 2010/08/03  (rcs-revision 1.24)
\pgf@path@lastx=\dimen137
\pgf@path@lasty=\dimen138
)
(/usr/local/texlive/2013/texmf-dist/tex/generic/pgf/basiclayer/pgfcorepathusage
.code.tex
File: pgfcorepathusage.code.tex 2008/04/22  (rcs-revision 1.12)
\pgf@shorten@end@additional=\dimen139
\pgf@shorten@start@additional=\dimen140
)
(/usr/local/texlive/2013/texmf-dist/tex/generic/pgf/basiclayer/pgfcorescopes.co
de.tex
File: pgfcorescopes.code.tex 2010/09/08  (rcs-revision 1.34)
\pgfpic=\box30
\pgf@hbox=\box31
\pgf@layerbox@main=\box32
\pgf@picture@serial@count=\count108
)
(/usr/local/texlive/2013/texmf-dist/tex/generic/pgf/basiclayer/pgfcoregraphicst
ate.code.tex
File: pgfcoregraphicstate.code.tex 2008/04/22  (rcs-revision 1.9)
\pgflinewidth=\dimen141
)
(/usr/local/texlive/2013/texmf-dist/tex/generic/pgf/basiclayer/pgfcoretransform
ations.code.tex
File: pgfcoretransformations.code.tex 2009/06/10  (rcs-revision 1.11)
\pgf@pt@x=\dimen142
\pgf@pt@y=\dimen143
\pgf@pt@temp=\dimen144
)
(/usr/local/texlive/2013/texmf-dist/tex/generic/pgf/basiclayer/pgfcorequick.cod
e.tex
File: pgfcorequick.code.tex 2008/10/09  (rcs-revision 1.3)
)
(/usr/local/texlive/2013/texmf-dist/tex/generic/pgf/basiclayer/pgfcoreobjects.c
ode.tex
File: pgfcoreobjects.code.tex 2006/10/11  (rcs-revision 1.2)
)
(/usr/local/texlive/2013/texmf-dist/tex/generic/pgf/basiclayer/pgfcorepathproce
ssing.code.tex
File: pgfcorepathprocessing.code.tex 2008/10/09  (rcs-revision 1.8)
)
(/usr/local/texlive/2013/texmf-dist/tex/generic/pgf/basiclayer/pgfcorearrows.co
de.tex
File: pgfcorearrows.code.tex 2008/04/23  (rcs-revision 1.11)
)
(/usr/local/texlive/2013/texmf-dist/tex/generic/pgf/basiclayer/pgfcoreshade.cod
e.tex
File: pgfcoreshade.code.tex 2008/11/23  (rcs-revision 1.13)
\pgf@max=\dimen145
\pgf@sys@shading@range@num=\count109
)
(/usr/local/texlive/2013/texmf-dist/tex/generic/pgf/basiclayer/pgfcoreimage.cod
e.tex
File: pgfcoreimage.code.tex 2010/03/25  (rcs-revision 1.16)

(/usr/local/texlive/2013/texmf-dist/tex/generic/pgf/basiclayer/pgfcoreexternal.
code.tex
File: pgfcoreexternal.code.tex 2010/09/01  (rcs-revision 1.17)
\pgfexternal@startupbox=\box33
))
(/usr/local/texlive/2013/texmf-dist/tex/generic/pgf/basiclayer/pgfcorelayers.co
de.tex
File: pgfcorelayers.code.tex 2010/08/27  (rcs-revision 1.2)
)
(/usr/local/texlive/2013/texmf-dist/tex/generic/pgf/basiclayer/pgfcoretranspare
ncy.code.tex
File: pgfcoretransparency.code.tex 2008/01/17  (rcs-revision 1.2)
)
(/usr/local/texlive/2013/texmf-dist/tex/generic/pgf/basiclayer/pgfcorepatterns.
code.tex
File: pgfcorepatterns.code.tex 2009/07/02  (rcs-revision 1.3)
)))
(/usr/local/texlive/2013/texmf-dist/tex/generic/pgf/modules/pgfmoduleshapes.cod
e.tex
File: pgfmoduleshapes.code.tex 2010/09/09  (rcs-revision 1.13)
\pgfnodeparttextbox=\box34
)
(/usr/local/texlive/2013/texmf-dist/tex/generic/pgf/modules/pgfmoduleplot.code.
tex
File: pgfmoduleplot.code.tex 2010/10/22  (rcs-revision 1.8)
)
(/usr/local/texlive/2013/texmf-dist/tex/latex/pgf/compatibility/pgfcomp-version
-0-65.sty
Package: pgfcomp-version-0-65 2007/07/03 v2.10 (rcs-revision 1.7)
\pgf@nodesepstart=\dimen146
\pgf@nodesepend=\dimen147
)
(/usr/local/texlive/2013/texmf-dist/tex/latex/pgf/compatibility/pgfcomp-version
-1-18.sty
Package: pgfcomp-version-1-18 2007/07/23 v2.10 (rcs-revision 1.1)
))
(/usr/local/texlive/2013/texmf-dist/tex/latex/pgf/utilities/pgffor.sty
(/usr/local/texlive/2013/texmf-dist/tex/latex/pgf/utilities/pgfkeys.sty
(/usr/local/texlive/2013/texmf-dist/tex/generic/pgf/utilities/pgfkeys.code.tex)
) (/usr/local/texlive/2013/texmf-dist/tex/generic/pgf/utilities/pgffor.code.tex
Package: pgffor 2010/03/23 v2.10 (rcs-revision 1.18)
\pgffor@iter=\dimen148
\pgffor@skip=\dimen149
\pgffor@stack=\toks34
\pgffor@toks=\toks35
))
(/usr/local/texlive/2013/texmf-dist/tex/generic/pgf/frontendlayer/tikz/tikz.cod
e.tex
Package: tikz 2010/10/13 v2.10 (rcs-revision 1.76)

(/usr/local/texlive/2013/texmf-dist/tex/generic/pgf/libraries/pgflibraryplothan
dlers.code.tex
File: pgflibraryplothandlers.code.tex 2010/05/31 v2.10 (rcs-revision 1.15)
\pgf@plot@mark@count=\count110
\pgfplotmarksize=\dimen150
)
\tikz@lastx=\dimen151
\tikz@lasty=\dimen152
\tikz@lastxsaved=\dimen153
\tikz@lastysaved=\dimen154
\tikzleveldistance=\dimen155
\tikzsiblingdistance=\dimen156
\tikz@figbox=\box35
\tikz@tempbox=\box36
\tikztreelevel=\count111
\tikznumberofchildren=\count112
\tikznumberofcurrentchild=\count113
\tikz@fig@count=\count114

(/usr/local/texlive/2013/texmf-dist/tex/generic/pgf/modules/pgfmodulematrix.cod
e.tex
File: pgfmodulematrix.code.tex 2010/08/24  (rcs-revision 1.4)
\pgfmatrixcurrentrow=\count115
\pgfmatrixcurrentcolumn=\count116
\pgf@matrix@numberofcolumns=\count117
)
\tikz@expandcount=\count118

(/usr/local/texlive/2013/texmf-dist/tex/generic/pgf/frontendlayer/tikz/librarie
s/tikzlibrarytopaths.code.tex
File: tikzlibrarytopaths.code.tex 2008/06/17 v2.10 (rcs-revision 1.2)
)))
(/usr/local/texlive/2013/texmf-dist/tex/latex/algorithms/algorithm.sty
Package: algorithm 2009/08/24 v0.1 Document Style `algorithm' - floating enviro
nment

(/usr/local/texlive/2013/texmf-dist/tex/latex/float/float.sty
Package: float 2001/11/08 v1.3d Float enhancements (AL)
\c@float@type=\count119
\float@exts=\toks36
\float@box=\box37
\@float@everytoks=\toks37
\@floatcapt=\box38
)
(/usr/local/texlive/2013/texmf-dist/tex/latex/base/ifthen.sty
Package: ifthen 2001/05/26 v1.1c Standard LaTeX ifthen package (DPC)
)
\@float@every@algorithm=\toks38
\c@algorithm=\count120
)
(/usr/local/texlive/2013/texmf-dist/tex/latex/algorithms/algorithmic.sty
Package: algorithmic 2009/08/24 v0.1 Document Style `algorithmic'
\c@ALC@unique=\count121
\c@ALC@line=\count122
\c@ALC@rem=\count123
\c@ALC@depth=\count124
\ALC@tlm=\skip49
\algorithmicindent=\skip50
)
(/usr/local/texlive/2013/texmf-dist/tex/latex/url/url.sty
\Urlmuskip=\muskip11
Package: url 2006/04/12  ver 3.3  Verb mode for urls, etc.
)
(/usr/local/texlive/2013/texmf-dist/tex/latex/multirow/multirow.sty
\bigstrutjot=\dimen157
)
(/usr/local/texlive/2013/texmf-dist/tex/latex/titling/titling.sty
Package: titling 2009/09/04 v2.1d maketitle typesetting
\thanksmarkwidth=\skip51
\thanksmargin=\skip52
\droptitle=\skip53
)
(/usr/local/texlive/2013/texmf-dist/tex/latex/rotating/rotating.sty
Package: rotating 2009/03/28 v2.16a rotated objects in LaTeX
\c@r@tfl@t=\count125
\rotFPtop=\skip54
\rotFPbot=\skip55
\rot@float@box=\box39
\rot@mess@toks=\toks39
)
(/usr/local/texlive/2013/texmf-dist/tex/latex/caption/caption.sty
Package: caption 2013/05/02 v3.3-89 Customizing captions (AR)

(/usr/local/texlive/2013/texmf-dist/tex/latex/caption/caption3.sty
Package: caption3 2013/05/02 v1.6-88 caption3 kernel (AR)
Package caption3 Info: TeX engine: e-TeX on input line 57.
\captionmargin=\dimen158
\captionmargin@=\dimen159
\captionwidth=\dimen160
\caption@tempdima=\dimen161
\caption@indent=\dimen162
\caption@parindent=\dimen163
\caption@hangindent=\dimen164
)
\c@ContinuedFloat=\count126
Package caption Info: float package is loaded.
Package caption Info: rotating package is loaded.
)
(/usr/local/texlive/2013/texmf-dist/tex/latex/caption/subcaption.sty
Package: subcaption 2013/02/03 v1.1-62 Sub-captions (AR)
\c@subfigure=\count127
\c@subtable=\count128
)
(/usr/local/texlive/2013/texmf-dist/tex/latex/hyperref/hyperref.sty
Package: hyperref 2012/11/06 v6.83m Hypertext links for LaTeX

(/usr/local/texlive/2013/texmf-dist/tex/generic/oberdiek/hobsub-hyperref.sty
Package: hobsub-hyperref 2012/05/28 v1.13 Bundle oberdiek, subset hyperref (HO)


(/usr/local/texlive/2013/texmf-dist/tex/generic/oberdiek/hobsub-generic.sty
Package: hobsub-generic 2012/05/28 v1.13 Bundle oberdiek, subset generic (HO)
Package: hobsub 2012/05/28 v1.13 Construct package bundles (HO)
Package hobsub Info: Skipping package `infwarerr' (already loaded).
Package hobsub Info: Skipping package `ltxcmds' (already loaded).
Package: ifluatex 2010/03/01 v1.3 Provides the ifluatex switch (HO)
Package ifluatex Info: LuaTeX not detected.
Package: ifvtex 2010/03/01 v1.5 Detect VTeX and its facilities (HO)
Package ifvtex Info: VTeX not detected.
Package: intcalc 2007/09/27 v1.1 Expandable calculations with integers (HO)
Package: ifpdf 2011/01/30 v2.3 Provides the ifpdf switch (HO)
Package ifpdf Info: pdfTeX in PDF mode is detected.
Package: etexcmds 2011/02/16 v1.5 Avoid name clashes with e-TeX commands (HO)
Package etexcmds Info: Could not find \expanded.
(etexcmds)             That can mean that you are not using pdfTeX 1.50 or
(etexcmds)             that some package has redefined \expanded.
(etexcmds)             In the latter case, load this package earlier.
Package: kvsetkeys 2012/04/25 v1.16 Key value parser (HO)
Package: kvdefinekeys 2011/04/07 v1.3 Define keys (HO)
Package: pdftexcmds 2011/11/29 v0.20 Utility functions of pdfTeX for LuaTeX (HO
)
Package pdftexcmds Info: LuaTeX not detected.
Package pdftexcmds Info: \pdf@primitive is available.
Package pdftexcmds Info: \pdf@ifprimitive is available.
Package pdftexcmds Info: \pdfdraftmode found.
Package: pdfescape 2011/11/25 v1.13 Implements pdfTeX's escape features (HO)
Package: bigintcalc 2012/04/08 v1.3 Expandable calculations on big integers (HO
)
Package: bitset 2011/01/30 v1.1 Handle bit-vector datatype (HO)
Package: uniquecounter 2011/01/30 v1.2 Provide unlimited unique counter (HO)
)
Package hobsub Info: Skipping package `hobsub' (already loaded).
Package: letltxmacro 2010/09/02 v1.4 Let assignment for LaTeX macros (HO)
Package: hopatch 2012/05/28 v1.2 Wrapper for package hooks (HO)
Package: xcolor-patch 2011/01/30 xcolor patch
Package: atveryend 2011/06/30 v1.8 Hooks at the very end of document (HO)
Package atveryend Info: \enddocument detected (standard20110627).
Package: atbegshi 2011/10/05 v1.16 At begin shipout hook (HO)
Package: refcount 2011/10/16 v3.4 Data extraction from label references (HO)
Package: hycolor 2011/01/30 v1.7 Color options for hyperref/bookmark (HO)
)
(/usr/local/texlive/2013/texmf-dist/tex/generic/ifxetex/ifxetex.sty
Package: ifxetex 2010/09/12 v0.6 Provides ifxetex conditional
)
(/usr/local/texlive/2013/texmf-dist/tex/latex/oberdiek/auxhook.sty
Package: auxhook 2011/03/04 v1.3 Hooks for auxiliary files (HO)
)
(/usr/local/texlive/2013/texmf-dist/tex/latex/oberdiek/kvoptions.sty
Package: kvoptions 2011/06/30 v3.11 Key value format for package options (HO)
)
\@linkdim=\dimen165
\Hy@linkcounter=\count129
\Hy@pagecounter=\count130

(/usr/local/texlive/2013/texmf-dist/tex/latex/hyperref/pd1enc.def
File: pd1enc.def 2012/11/06 v6.83m Hyperref: PDFDocEncoding definition (HO)
)
\Hy@SavedSpaceFactor=\count131

(/usr/local/texlive/2013/texmf-dist/tex/latex/latexconfig/hyperref.cfg
File: hyperref.cfg 2002/06/06 v1.2 hyperref configuration of TeXLive
)
Package hyperref Info: Option `colorlinks' set `true' on input line 4319.
Package hyperref Info: Hyper figures OFF on input line 4443.
Package hyperref Info: Link nesting OFF on input line 4448.
Package hyperref Info: Hyper index ON on input line 4451.
Package hyperref Info: Plain pages OFF on input line 4458.
Package hyperref Info: Backreferencing OFF on input line 4463.
Package hyperref Info: Implicit mode ON; LaTeX internals redefined.
Package hyperref Info: Bookmarks ON on input line 4688.
\c@Hy@tempcnt=\count132
LaTeX Info: Redefining \url on input line 5041.
\XeTeXLinkMargin=\dimen166
\Fld@menulength=\count133
\Field@Width=\dimen167
\Fld@charsize=\dimen168
Package hyperref Info: Hyper figures OFF on input line 6295.
Package hyperref Info: Link nesting OFF on input line 6300.
Package hyperref Info: Hyper index ON on input line 6303.
Package hyperref Info: backreferencing OFF on input line 6310.
Package hyperref Info: Link coloring ON on input line 6313.
Package hyperref Info: Link coloring with OCG OFF on input line 6320.
Package hyperref Info: PDF/A mode OFF on input line 6325.
LaTeX Info: Redefining \ref on input line 6365.
LaTeX Info: Redefining \pageref on input line 6369.
\Hy@abspage=\count134
\c@Item=\count135
\c@Hfootnote=\count136
)

Package hyperref Message: Driver (autodetected): hpdftex.

(/usr/local/texlive/2013/texmf-dist/tex/latex/hyperref/hpdftex.def
File: hpdftex.def 2012/11/06 v6.83m Hyperref driver for pdfTeX
\Fld@listcount=\count137
\c@bookmark@seq@number=\count138

(/usr/local/texlive/2013/texmf-dist/tex/latex/oberdiek/rerunfilecheck.sty
Package: rerunfilecheck 2011/04/15 v1.7 Rerun checks for auxiliary files (HO)
Package uniquecounter Info: New unique counter `rerunfilecheck' on input line 2
82.
)
\Hy@SectionHShift=\skip56
)
(/usr/local/texlive/2013/texmf-dist/tex/latex/oberdiek/hypcap.sty
Package: hypcap 2011/02/16 v1.11 Adjusting the anchors of captions (HO)
)
\c@thm=\count139
\c@tempcnt=\count140
\oneup=\skip57
\twoup=\skip58
\threeup=\skip59

(Tex/traffic_matrix_sigcomm.aux)
\openout1 = `traffic_matrix_sigcomm.aux'.

LaTeX Font Info:    Checking defaults for OML/cmm/m/it on input line 226.
LaTeX Font Info:    ... okay on input line 226.
LaTeX Font Info:    Checking defaults for T1/cmr/m/n on input line 226.
LaTeX Font Info:    ... okay on input line 226.
LaTeX Font Info:    Checking defaults for OT1/cmr/m/n on input line 226.
LaTeX Font Info:    ... okay on input line 226.
LaTeX Font Info:    Checking defaults for OMS/cmsy/m/n on input line 226.
LaTeX Font Info:    ... okay on input line 226.
LaTeX Font Info:    Checking defaults for OMX/cmex/m/n on input line 226.
LaTeX Font Info:    ... okay on input line 226.
LaTeX Font Info:    Checking defaults for U/cmr/m/n on input line 226.
LaTeX Font Info:    ... okay on input line 226.
LaTeX Font Info:    Checking defaults for PD1/pdf/m/n on input line 226.
LaTeX Font Info:    ... okay on input line 226.

(/usr/local/texlive/2013/texmf-dist/tex/context/base/supp-pdf.mkii
[Loading MPS to PDF converter (version 2006.09.02).]
\scratchcounter=\count141
\scratchdimen=\dimen169
\scratchbox=\box40
\nofMPsegments=\count142
\nofMParguments=\count143
\everyMPshowfont=\toks40
\MPscratchCnt=\count144
\MPscratchDim=\dimen170
\MPnumerator=\count145
\makeMPintoPDFobject=\count146
\everyMPtoPDFconversion=\toks41
) (/usr/local/texlive/2013/texmf-dist/tex/latex/oberdiek/epstopdf-base.sty
Package: epstopdf-base 2010/02/09 v2.5 Base part for package epstopdf

(/usr/local/texlive/2013/texmf-dist/tex/latex/oberdiek/grfext.sty
Package: grfext 2010/08/19 v1.1 Manage graphics extensions (HO)
)
Package grfext Info: Graphics extension search list:
(grfext)             [.png,.pdf,.jpg,.mps,.jpeg,.jbig2,.jb2,.PNG,.PDF,.JPG,.JPE
G,.JBIG2,.JB2,.eps]
(grfext)             \AppendGraphicsExtensions on input line 452.

(/usr/local/texlive/2013/texmf-dist/tex/latex/latexconfig/epstopdf-sys.cfg
File: epstopdf-sys.cfg 2010/07/13 v1.3 Configuration of (r)epstopdf for TeX Liv
e
))
ABD: EveryShipout initializing macros
Package caption Info: Begin \AtBeginDocument code.
Package caption Info: hyperref package is loaded.
Package caption Info: hypcap package is loaded.
Package caption Info: End \AtBeginDocument code.
\AtBeginShipoutBox=\box41
Package hyperref Info: Link coloring ON on input line 226.

(/usr/local/texlive/2013/texmf-dist/tex/latex/hyperref/nameref.sty
Package: nameref 2012/10/27 v2.43 Cross-referencing by name of section

(/usr/local/texlive/2013/texmf-dist/tex/generic/oberdiek/gettitlestring.sty
Package: gettitlestring 2010/12/03 v1.4 Cleanup title references (HO)
)
\c@section@level=\count147
)
LaTeX Info: Redefining \ref on input line 226.
LaTeX Info: Redefining \pageref on input line 226.
LaTeX Info: Redefining \nameref on input line 226.

(Tex/traffic_matrix_sigcomm.out) (Tex/traffic_matrix_sigcomm.out)
\@outlinefile=\write4
\openout4 = `traffic_matrix_sigcomm.out'.

LaTeX Font Info:    Try loading font information for U+msa on input line 248.

(/usr/local/texlive/2013/texmf-dist/tex/latex/amsfonts/umsa.fd
File: umsa.fd 2013/01/14 v3.01 AMS symbols A
)
LaTeX Font Info:    Try loading font information for U+msb on input line 248.

(/usr/local/texlive/2013/texmf-dist/tex/latex/amsfonts/umsb.fd
File: umsb.fd 2013/01/14 v3.01 AMS symbols B
)
LaTeX Font Info:    Try loading font information for U+lasy on input line 248.

(/usr/local/texlive/2013/texmf-dist/tex/latex/base/ulasy.fd
File: ulasy.fd 1998/08/17 v2.2e LaTeX symbol font definitions
)
LaTeX Font Info:    Try loading font information for OMS+cmtt on input line 248
.
LaTeX Font Info:    No file OMScmtt.fd. on input line 248.


LaTeX Font Warning: Font shape `OMS/cmtt/m/n' undefined
(Font)              using `OMS/cmsy/m/n' instead
(Font)              for symbol `textbraceleft' on input line 248.

(./abstract.tex) (./introduction.tex [1

{/usr/local/texlive/2013/texmf-var/fonts/map/pdftex/updmap/pdftex.map}] [2]
LaTeX Font Info:    Try loading font information for OMS+cmr on input line 108.


(/usr/local/texlive/2013/texmf-dist/tex/latex/base/omscmr.fd
File: omscmr.fd 1999/05/25 v2.5h Standard LaTeX font definitions
)
LaTeX Font Info:    Font shape `OMS/cmr/m/n' in size <10> not available
(Font)              Font shape `OMS/cmsy/m/n' tried instead on input line 108.
 [3] [4] [5])
(./tm.tex [6]
<Figures/traffic_matrices.pdf, id=199, 627.34375pt x 276.03125pt>
File: Figures/traffic_matrices.pdf Graphic file (type pdf)

<use Figures/traffic_matrices.pdf>
Package pdftex.def Info: Figures/traffic_matrices.pdf used on input line 29.
(pdftex.def)             Requested size: 198.71846pt x 87.43466pt.

Overfull \hbox (44.48593pt too wide) detected at line 40
\OML/cmm/m/it/10 X \OT1/cmr/m/n/10 = []
 []

[7 <./Figures/traffic_matrices.pdf>] [8] (./eg_tm.tex)
Package epstopdf Info: Source file: <Figures/abilene_map.eps>
(epstopdf)                    date: 2013-07-23 12:04:16
(epstopdf)                    size: 22677 bytes
(epstopdf)             Output file: <Figures/abilene_map-eps-converted-to.pdf>
(epstopdf)                    date: 2013-07-23 12:04:16
(epstopdf)                    size: 13007 bytes
(epstopdf)             Command: <epstopdf --outfile=Figures/abilene_map-eps-con
verted-to.pdf Figures/abilene_map.eps>
(epstopdf)             \includegraphics on input line 231.
Package epstopdf Info: Output file is already uptodate.

<Figures/abilene_map-eps-converted-to.pdf, id=243, 391.4625pt x 204.765pt>
File: Figures/abilene_map-eps-converted-to.pdf Graphic file (type pdf)

<use Figures/abilene_map-eps-converted-to.pdf>
Package pdftex.def Info: Figures/abilene_map-eps-converted-to.pdf used on input
 line 231.
(pdftex.def)             Requested size: 310.4979pt x 162.42181pt.
Package epstopdf Info: Source file: <Figures/Abilene_2004_totals.eps>
(epstopdf)                    date: 2013-07-23 12:04:16
(epstopdf)                    size: 430269 bytes
(epstopdf)             Output file: <Figures/Abilene_2004_totals-eps-converted-
to.pdf>
(epstopdf)                    date: 2013-07-23 12:04:16
(epstopdf)                    size: 277764 bytes
(epstopdf)             Command: <epstopdf --outfile=Figures/Abilene_2004_totals
-eps-converted-to.pdf Figures/Abilene_2004_totals.eps>
(epstopdf)             \includegraphics on input line 243.
Package epstopdf Info: Output file is already uptodate.

<Figures/Abilene_2004_totals-eps-converted-to.pdf, id=246, 746.79pt x 275.0275p
t>
File: Figures/Abilene_2004_totals-eps-converted-to.pdf Graphic file (type pdf)
 <use Figures/Abilene_2004_totals-eps-converted-to.pdf>
Package pdftex.def Info: Figures/Abilene_2004_totals-eps-converted-to.pdf used 
on input line 243.
(pdftex.def)             Requested size: 310.4979pt x 114.3483pt.
Package epstopdf Info: Source file: <Figures/Abilene_2004_totals_short.eps>
(epstopdf)                    date: 2013-07-23 12:04:16
(epstopdf)                    size: 54104 bytes
(epstopdf)             Output file: <Figures/Abilene_2004_totals_short-eps-conv
erted-to.pdf>
(epstopdf)                    date: 2013-07-23 12:04:16
(epstopdf)                    size: 44883 bytes
(epstopdf)             Command: <epstopdf --outfile=Figures/Abilene_2004_totals
_short-eps-converted-to.pdf Figures/Abilene_2004_totals_short.eps>
(epstopdf)             \includegraphics on input line 253.
Package epstopdf Info: Output file is already uptodate.

<Figures/Abilene_2004_totals_short-eps-converted-to.pdf, id=247, 776.9025pt x 2
75.0275pt>
File: Figures/Abilene_2004_totals_short-eps-converted-to.pdf Graphic file (type
 pdf)
 <use Figures/Abilene_2004_totals_short-eps-converted-to.pdf>
Package pdftex.def Info: Figures/Abilene_2004_totals_short-eps-converted-to.pdf
 used on input line 253.
(pdftex.def)             Requested size: 310.4979pt x 109.92091pt.

[9] [10]) (./measurements.tex [11] [12 <./Figures/abilene_map-eps-converted-to.
pdf> <./Figures/Abilene_2004_totals-eps-converted-to.pdf> <./Figures/Abilene_20
04_totals_short-eps-converted-to.pdf>] [13]
Overfull \hbox (1.88441pt too wide) in paragraph at lines 137--139
[]\OT1/cmr/bx/n/10 incorrect link ob-ser-va-tions\OT1/cmr/m/n/10 : poor router 
ven-dor im-ple-men-ta-tions causes
 []

[14] <Figures/tm_formulation.pdf, id=328, 375.4025pt x 232.87pt>
File: Figures/tm_formulation.pdf Graphic file (type pdf)

<use Figures/tm_formulation.pdf>
Package pdftex.def Info: Figures/tm_formulation.pdf used on input line 216.
(pdftex.def)             Requested size: 155.24895pt x 96.30522pt.

<Figures/tm_formulation_2.pdf, id=329, 375.4025pt x 232.87pt>
File: Figures/tm_formulation_2.pdf Graphic file (type pdf)

<use Figures/tm_formulation_2.pdf>
Package pdftex.def Info: Figures/tm_formulation_2.pdf used on input line 223.
(pdftex.def)             Requested size: 155.24895pt x 96.30522pt.
 [15] [16 <./Figures/tm_formulation.pdf> <./Figures/tm_formulation_2.pdf>]
<Figures/underdetermined.pdf, id=377, 523.9575pt x 232.87pt>
File: Figures/underdetermined.pdf Graphic file (type pdf)

<use Figures/underdetermined.pdf>
Package pdftex.def Info: Figures/underdetermined.pdf used on input line 307.
(pdftex.def)             Requested size: 207.0021pt x 91.99863pt.
) (./models.tex [17 <./Figures/underdetermined.pdf>]
Package epstopdf Info: Source file: <Figures/australian_internet_usage_log.eps>

(epstopdf)                    date: 2013-07-23 12:04:16
(epstopdf)                    size: 11418 bytes
(epstopdf)             Output file: <Figures/australian_internet_usage_log-eps-
converted-to.pdf>
(epstopdf)                    date: 2013-07-23 12:04:16
(epstopdf)                    size: 8175 bytes
(epstopdf)             Command: <epstopdf --outfile=Figures/australian_internet
_usage_log-eps-converted-to.pdf Figures/australian_internet_usage_log.eps>
(epstopdf)             \includegraphics on input line 46.
Package epstopdf Info: Output file is already uptodate.

<Figures/australian_internet_usage_log-eps-converted-to.pdf, id=409, 748.7975pt
 x 497.86pt>
File: Figures/australian_internet_usage_log-eps-converted-to.pdf Graphic file (
type pdf)
 <use Figures/australian_internet_usage_log-eps-converted-to.pdf>
Package pdftex.def Info: Figures/australian_internet_usage_log-eps-converted-to
.pdf used on input line 46.
(pdftex.def)             Requested size: 217.34756pt x 144.51244pt.

[18 <./Figures/australian_internet_usage_log-eps-converted-to.pdf>] [19]
[20]
Package epstopdf Info: Source file: <Figures/Abilene_2004_decomp_1.eps>
(epstopdf)                    date: 2013-07-23 12:04:16
(epstopdf)                    size: 121436 bytes
(epstopdf)             Output file: <Figures/Abilene_2004_decomp_1-eps-converte
d-to.pdf>
(epstopdf)                    date: 2013-07-23 12:04:16
(epstopdf)                    size: 104851 bytes
(epstopdf)             Command: <epstopdf --outfile=Figures/Abilene_2004_decomp
_1-eps-converted-to.pdf Figures/Abilene_2004_decomp_1.eps>
(epstopdf)             \includegraphics on input line 227.
Package epstopdf Info: Output file is already uptodate.

<Figures/Abilene_2004_decomp_1-eps-converted-to.pdf, id=456, 780.9175pt x 275.0
275pt>
File: Figures/Abilene_2004_decomp_1-eps-converted-to.pdf Graphic file (type pdf
)
 <use Figures/Abilene_2004_decomp_1-eps-converted-to.pdf>
Package pdftex.def Info: Figures/Abilene_2004_decomp_1-eps-converted-to.pdf use
d on input line 227.
(pdftex.def)             Requested size: 310.4979pt x 109.35017pt.
 [21 <./Figures/Abilene_2004_decomp_1-eps-converted-to.pdf>]
Package epstopdf Info: Source file: <Figures/Abilene_2004_fourier_sprectra.eps>

(epstopdf)                    date: 2013-07-23 12:04:16
(epstopdf)                    size: 9233 bytes
(epstopdf)             Output file: <Figures/Abilene_2004_fourier_sprectra-eps-
converted-to.pdf>
(epstopdf)                    date: 2013-07-23 12:04:16
(epstopdf)                    size: 6968 bytes
(epstopdf)             Command: <epstopdf --outfile=Figures/Abilene_2004_fourie
r_sprectra-eps-converted-to.pdf Figures/Abilene_2004_fourier_sprectra.eps>
(epstopdf)             \includegraphics on input line 284.
Package epstopdf Info: Output file is already uptodate.

<Figures/Abilene_2004_fourier_sprectra-eps-converted-to.pdf, id=477, 488.82625p
t x 422.57875pt>
File: Figures/Abilene_2004_fourier_sprectra-eps-converted-to.pdf Graphic file (
type pdf)

<use Figures/Abilene_2004_fourier_sprectra-eps-converted-to.pdf>
Package pdftex.def Info: Figures/Abilene_2004_fourier_sprectra-eps-converted-to
.pdf used on input line 284.
(pdftex.def)             Requested size: 155.24895pt x 134.20917pt.
Package epstopdf Info: Source file: <Figures/Abilene_2004_fourier_cum_power.eps
>
(epstopdf)                    date: 2013-07-23 12:04:16
(epstopdf)                    size: 19216 bytes
(epstopdf)             Output file: <Figures/Abilene_2004_fourier_cum_power-eps
-converted-to.pdf>
(epstopdf)                    date: 2013-07-23 12:04:16
(epstopdf)                    size: 9421 bytes
(epstopdf)             Command: <epstopdf --outfile=Figures/Abilene_2004_fourie
r_cum_power-eps-converted-to.pdf Figures/Abilene_2004_fourier_cum_power.eps>
(epstopdf)             \includegraphics on input line 293.
Package epstopdf Info: Output file is already uptodate.

<Figures/Abilene_2004_fourier_cum_power-eps-converted-to.pdf, id=478, 523.9575p
t x 411.5375pt>
File: Figures/Abilene_2004_fourier_cum_power-eps-converted-to.pdf Graphic file 
(type pdf)

<use Figures/Abilene_2004_fourier_cum_power-eps-converted-to.pdf>
Package pdftex.def Info: Figures/Abilene_2004_fourier_cum_power-eps-converted-t
o.pdf used on input line 293.
(pdftex.def)             Requested size: 162.15042pt x 127.35551pt.
Package epstopdf Info: Source file: <Figures/Abilene_2004_fourier_model_10.eps>

(epstopdf)                    date: 2013-07-23 12:04:16
(epstopdf)                    size: 49775 bytes
(epstopdf)             Output file: <Figures/Abilene_2004_fourier_model_10-eps-
converted-to.pdf>
(epstopdf)                    date: 2013-07-23 12:04:16
(epstopdf)                    size: 42697 bytes
(epstopdf)             Command: <epstopdf --outfile=Figures/Abilene_2004_fourie
r_model_10-eps-converted-to.pdf Figures/Abilene_2004_fourier_model_10.eps>
(epstopdf)             \includegraphics on input line 304.
Package epstopdf Info: Output file is already uptodate.

<Figures/Abilene_2004_fourier_model_10-eps-converted-to.pdf, id=479, 811.03pt x
 275.0275pt>
File: Figures/Abilene_2004_fourier_model_10-eps-converted-to.pdf Graphic file (
type pdf)
 <use Figures/Abilene_2004_fourier_model_10-eps-converted-to.pdf>
Package pdftex.def Info: Figures/Abilene_2004_fourier_model_10-eps-converted-to
.pdf used on input line 304.
(pdftex.def)             Requested size: 310.4979pt x 105.2921pt.
Package epstopdf Info: Source file: <Figures/Abilene_2004_fourier_model_100.eps
>
(epstopdf)                    date: 2013-07-23 12:04:16
(epstopdf)                    size: 53369 bytes
(epstopdf)             Output file: <Figures/Abilene_2004_fourier_model_100-eps
-converted-to.pdf>
(epstopdf)                    date: 2013-07-23 12:04:16
(epstopdf)                    size: 43087 bytes
(epstopdf)             Command: <epstopdf --outfile=Figures/Abilene_2004_fourie
r_model_100-eps-converted-to.pdf Figures/Abilene_2004_fourier_model_100.eps>
(epstopdf)             \includegraphics on input line 313.
Package epstopdf Info: Output file is already uptodate.

<Figures/Abilene_2004_fourier_model_100-eps-converted-to.pdf, id=480, 811.03pt 
x 275.0275pt>
File: Figures/Abilene_2004_fourier_model_100-eps-converted-to.pdf Graphic file 
(type pdf)

<use Figures/Abilene_2004_fourier_model_100-eps-converted-to.pdf>
Package pdftex.def Info: Figures/Abilene_2004_fourier_model_100-eps-converted-t
o.pdf used on input line 313.
(pdftex.def)             Requested size: 310.4979pt x 105.2921pt.
 [22] [23 <./Figures/Abilene_2004_fourier_sprectra-eps-converted-to.pdf> <./Fig
ures/Abilene_2004_fourier_cum_power-eps-converted-to.pdf> <./Figures/Abilene_20
04_fourier_model_10-eps-converted-to.pdf> <./Figures/Abilene_2004_fourier_model
_100-eps-converted-to.pdf>]
Package epstopdf Info: Source file: <Figures/Abilene_2004_spectrogram_input.eps
>
(epstopdf)                    date: 2013-07-23 12:04:16
(epstopdf)                    size: 132204 bytes
(epstopdf)             Output file: <Figures/Abilene_2004_spectrogram_input-eps
-converted-to.pdf>
(epstopdf)                    date: 2013-07-23 12:04:16
(epstopdf)                    size: 100869 bytes
(epstopdf)             Command: <epstopdf --outfile=Figures/Abilene_2004_spectr
ogram_input-eps-converted-to.pdf Figures/Abilene_2004_spectrogram_input.eps>
(epstopdf)             \includegraphics on input line 383.
Package epstopdf Info: Output file is already uptodate.

<Figures/Abilene_2004_spectrogram_input-eps-converted-to.pdf, id=529, 760.8425p
t x 275.0275pt>
File: Figures/Abilene_2004_spectrogram_input-eps-converted-to.pdf Graphic file 
(type pdf)

<use Figures/Abilene_2004_spectrogram_input-eps-converted-to.pdf>
Package pdftex.def Info: Figures/Abilene_2004_spectrogram_input-eps-converted-t
o.pdf used on input line 383.
(pdftex.def)             Requested size: 310.4979pt x 112.24162pt.
Package epstopdf Info: Source file: <Figures/Abilene_2004_fourier_spectrogram_w
eek.eps>
(epstopdf)                    date: 2013-07-23 12:04:16
(epstopdf)                    size: 9195 bytes
(epstopdf)             Output file: <Figures/Abilene_2004_fourier_spectrogram_w
eek-eps-converted-to.pdf>
(epstopdf)                    date: 2013-07-23 12:04:16
(epstopdf)                    size: 6580 bytes
(epstopdf)             Command: <epstopdf --outfile=Figures/Abilene_2004_fourie
r_spectrogram_week-eps-converted-to.pdf Figures/Abilene_2004_fourier_spectrogra
m_week.eps>
(epstopdf)             \includegraphics on input line 392.
Package epstopdf Info: Output file is already uptodate.

<Figures/Abilene_2004_fourier_spectrogram_week-eps-converted-to.pdf, id=530, 75
5.82375pt x 253.94875pt>
File: Figures/Abilene_2004_fourier_spectrogram_week-eps-converted-to.pdf Graphi
c file (type pdf)

<use Figures/Abilene_2004_fourier_spectrogram_week-eps-converted-to.pdf>
Package pdftex.def Info: Figures/Abilene_2004_fourier_spectrogram_week-eps-conv
erted-to.pdf used on input line 392.
(pdftex.def)             Requested size: 310.4979pt x 104.32503pt.
Package epstopdf Info: Source file: <Figures/Abilene_2004_fourier_spectrogram_d
ay.eps>
(epstopdf)                    date: 2013-07-23 12:04:16
(epstopdf)                    size: 21432 bytes
(epstopdf)             Output file: <Figures/Abilene_2004_fourier_spectrogram_d
ay-eps-converted-to.pdf>
(epstopdf)                    date: 2013-07-23 12:04:16
(epstopdf)                    size: 7424 bytes
(epstopdf)             Command: <epstopdf --outfile=Figures/Abilene_2004_fourie
r_spectrogram_day-eps-converted-to.pdf Figures/Abilene_2004_fourier_spectrogram
_day.eps>
(epstopdf)             \includegraphics on input line 407.
Package epstopdf Info: Output file is already uptodate.

<Figures/Abilene_2004_fourier_spectrogram_day-eps-converted-to.pdf, id=531, 755
.82375pt x 253.94875pt>
File: Figures/Abilene_2004_fourier_spectrogram_day-eps-converted-to.pdf Graphic
 file (type pdf)

<use Figures/Abilene_2004_fourier_spectrogram_day-eps-converted-to.pdf>
Package pdftex.def Info: Figures/Abilene_2004_fourier_spectrogram_day-eps-conve
rted-to.pdf used on input line 407.
(pdftex.def)             Requested size: 310.4979pt x 104.32503pt.
LaTeX Font Info:    Font shape `U/lasy/b/n' in size <7> not available
(Font)              Font shape `U/lasy/m/n' tried instead on input line 435.
LaTeX Font Info:    Font shape `U/lasy/b/n' in size <5> not available
(Font)              Font shape `U/lasy/m/n' tried instead on input line 435.
Package epstopdf Info: Source file: <Figures/PCA_example.eps>
(epstopdf)                    date: 2013-07-23 12:04:16
(epstopdf)                    size: 204985 bytes
(epstopdf)             Output file: <Figures/PCA_example-eps-converted-to.pdf>
(epstopdf)                    date: 2013-07-23 12:04:16
(epstopdf)                    size: 31909 bytes
(epstopdf)             Command: <epstopdf --outfile=Figures/PCA_example-eps-con
verted-to.pdf Figures/PCA_example.eps>
(epstopdf)             \includegraphics on input line 479.
Package epstopdf Info: Output file is already uptodate.

<Figures/PCA_example-eps-converted-to.pdf, id=544, 385.44pt x 218.8175pt>
File: Figures/PCA_example-eps-converted-to.pdf Graphic file (type pdf)

<use Figures/PCA_example-eps-converted-to.pdf>
Package pdftex.def Info: Figures/PCA_example-eps-converted-to.pdf used on input
 line 479.
(pdftex.def)             Requested size: 241.49895pt x 137.10115pt.
LaTeX Font Info:    Font shape `U/lasy/b/n' in size <9> not available
(Font)              Font shape `U/lasy/m/n' tried instead on input line 484.
LaTeX Font Info:    Font shape `U/lasy/b/n' in size <6> not available
(Font)              Font shape `U/lasy/m/n' tried instead on input line 484.
 [24] [25 <./Figures/Abilene_2004_spectrogram_input-eps-converted-to.pdf> <./Fi
gures/Abilene_2004_fourier_spectrogram_week-eps-converted-to.pdf> <./Figures/Ab
ilene_2004_fourier_spectrogram_day-eps-converted-to.pdf>] [26 <./Figures/PCA_ex
ample-eps-converted-to.pdf>]
[27] [28] [29] [30] [31]
Package epstopdf Info: Source file: <Figures/hot_potato.eps>
(epstopdf)                    date: 2013-07-23 12:04:16
(epstopdf)                    size: 59846 bytes
(epstopdf)             Output file: <Figures/hot_potato-eps-converted-to.pdf>
(epstopdf)                    date: 2013-07-23 12:04:16
(epstopdf)                    size: 29158 bytes
(epstopdf)             Command: <epstopdf --outfile=Figures/hot_potato-eps-conv
erted-to.pdf Figures/hot_potato.eps>
(epstopdf)             \includegraphics on input line 822.
Package epstopdf Info: Output file is already uptodate.

<Figures/hot_potato-eps-converted-to.pdf, id=691, 707.64375pt x 387.4475pt>
File: Figures/hot_potato-eps-converted-to.pdf Graphic file (type pdf)

<use Figures/hot_potato-eps-converted-to.pdf>
Package pdftex.def Info: Figures/hot_potato-eps-converted-to.pdf used on input 
line 822.
(pdftex.def)             Requested size: 155.24895pt x 84.99632pt.
Package epstopdf Info: Source file: <Figures/hot_potato_2.eps>
(epstopdf)                    date: 2013-07-23 12:04:16
(epstopdf)                    size: 60259 bytes
(epstopdf)             Output file: <Figures/hot_potato_2-eps-converted-to.pdf>

(epstopdf)                    date: 2013-07-23 12:04:16
(epstopdf)                    size: 29033 bytes
(epstopdf)             Command: <epstopdf --outfile=Figures/hot_potato_2-eps-co
nverted-to.pdf Figures/hot_potato_2.eps>
(epstopdf)             \includegraphics on input line 822.
Package epstopdf Info: Output file is already uptodate.

<Figures/hot_potato_2-eps-converted-to.pdf, id=692, 707.64375pt x 387.4475pt>
File: Figures/hot_potato_2-eps-converted-to.pdf Graphic file (type pdf)

<use Figures/hot_potato_2-eps-converted-to.pdf>
Package pdftex.def Info: Figures/hot_potato_2-eps-converted-to.pdf used on inpu
t line 822.
(pdftex.def)             Requested size: 155.24895pt x 84.99632pt.

<Figures/example_grav_2.pdf, id=696, 617.30624pt x 277.035pt>
File: Figures/example_grav_2.pdf Graphic file (type pdf)

<use Figures/example_grav_2.pdf>
Package pdftex.def Info: Figures/example_grav_2.pdf used on input line 894.
(pdftex.def)             Requested size: 217.34756pt x 97.53859pt.

<Figures/example_grav_int.pdf, id=697, 617.30624pt x 277.035pt>
File: Figures/example_grav_int.pdf Graphic file (type pdf)

<use Figures/example_grav_int.pdf>
Package pdftex.def Info: Figures/example_grav_int.pdf used on input line 903.
(pdftex.def)             Requested size: 155.24895pt x 69.67284pt.

<Figures/example_grav_in.pdf, id=698, 617.30624pt x 277.035pt>
File: Figures/example_grav_in.pdf Graphic file (type pdf)

<use Figures/example_grav_in.pdf>
Package pdftex.def Info: Figures/example_grav_in.pdf used on input line 910.
(pdftex.def)             Requested size: 155.24895pt x 69.67284pt.

<Figures/example_grav_out.pdf, id=699, 617.30624pt x 277.035pt>
File: Figures/example_grav_out.pdf Graphic file (type pdf)

<use Figures/example_grav_out.pdf>
Package pdftex.def Info: Figures/example_grav_out.pdf used on input line 917.
(pdftex.def)             Requested size: 155.24895pt x 69.67284pt.

<Figures/example_grav_ex.pdf, id=700, 617.30624pt x 277.035pt>
File: Figures/example_grav_ex.pdf Graphic file (type pdf)

<use Figures/example_grav_ex.pdf>
Package pdftex.def Info: Figures/example_grav_ex.pdf used on input line 924.
(pdftex.def)             Requested size: 155.24895pt x 69.67284pt.
 [32 <./Figures/hot_potato-eps-converted-to.pdf> <./Figures/hot_potato_2-eps-co
nverted-to.pdf>] [33 <./Figures/example_grav_2.pdf> <./Figures/example_grav_int
.pdf> <./Figures/example_grav_in.pdf> <./Figures/example_grav_out.pdf> <./Figur
es/example_grav_ex.pdf>] [34] [35] [36]
[37] [38] [39] [40] [41] [42] [43]) (./applications.tex [44] [45]
Overfull \hbox (3.19603pt too wide) detected at line 88
[] [] \OML/cmm/m/it/10 y[]A[] \OMS/cmsy/m/n/10 ^^@ [] \OML/cmm/m/it/10 y[]A[] \
OT1/cmr/m/n/10 = []
 []

[46] [47] <Figures/baran.pdf, id=970, 590.205pt x 208.78pt>
File: Figures/baran.pdf Graphic file (type pdf)

<use Figures/baran.pdf>
Package pdftex.def Info: Figures/baran.pdf used on input line 203.
(pdftex.def)             Requested size: 279.4462pt x 98.85294pt.
 [48 <./Figures/baran.pdf>] [49]
(./Figures/demands_example.tex) [50] [51] [52] [53] [54] [55]) (./future.tex
[56]

LaTeX Warning: `!h' float specifier changed to `!ht'.

) (./resources.tex [57] [58]) (Tex/traffic_matrix_sigcomm.bbl
Underfull \hbox (badness 3000) in paragraph at lines 8--11
[]\OT1/cmr/m/n/9 Cisco vi-sual net-work-ing in-dex: Fore-cast and method-ol-ogy
, 2011-2016.
 []


Underfull \hbox (badness 10000) in paragraph at lines 8--11
[][]$\OT1/cmtt/m/n/9 http : / / www . cisco . com / en / US / solutions / colla
teral / ns341 / ns525 / ns537 /
 []


Underfull \hbox (badness 10000) in paragraph at lines 8--11
\OT1/cmtt/m/n/9 ns705 / ns827 / white _ paper _ c11-[]481360 _ ns827 _ Networki
ng _ Solutions _
 []

[59] [60] [61] [62] [63] [64] [65])
Package atveryend Info: Empty hook `BeforeClearDocument' on input line 279.
 [66]
Package atveryend Info: Empty hook `AfterLastShipout' on input line 279.
 (Tex/traffic_matrix_sigcomm.aux)
Package atveryend Info: Executing hook `AtVeryEndDocument' on input line 279.
Package atveryend Info: Executing hook `AtEndAfterFileList' on input line 279.
Package rerunfilecheck Info: File `traffic_matrix_sigcomm.out' has not changed.

(rerunfilecheck)             Checksum: <no file>.


LaTeX Font Warning: Some font shapes were not available, defaults substituted.

Package atveryend Info: Empty hook `AtVeryVeryEnd' on input line 279.
 ) 
Here is how much of TeX's memory you used:
 16895 strings out of 493315
 298503 string characters out of 6137905
 376205 words of memory out of 5000000
 19582 multiletter control sequences out of 15000+600000
 20765 words of font info for 82 fonts, out of 8000000 for 9000
 957 hyphenation exceptions out of 8191
 57i,19n,55p,713b,761s stack positions out of 5000i,500n,10000p,200000b,80000s
</usr/local/texlive/2013/texmf-dist/fonts/type1/public/amsfonts/cm/cmbsy10.pf
b></usr/local/texlive/2013/texmf-dist/fonts/type1/public/amsfonts/cmextra/cmbsy
9.pfb></usr/local/texlive/2013/texmf-dist/fonts/type1/public/amsfonts/cm/cmbx10
.pfb></usr/local/texlive/2013/texmf-dist/fonts/type1/public/amsfonts/cm/cmbx12.
pfb></usr/local/texlive/2013/texmf-dist/fonts/type1/public/amsfonts/cm/cmbx7.pf
b></usr/local/texlive/2013/texmf-dist/fonts/type1/public/amsfonts/cm/cmbx8.pfb>
</usr/local/texlive/2013/texmf-dist/fonts/type1/public/amsfonts/cm/cmbx9.pfb></
usr/local/texlive/2013/texmf-dist/fonts/type1/public/amsfonts/cm/cmbxti10.pfb><
/usr/local/texlive/2013/texmf-dist/fonts/type1/public/amsfonts/cm/cmex10.pfb></
usr/local/texlive/2013/texmf-dist/fonts/type1/public/amsfonts/cmextra/cmex8.pfb
></usr/local/texlive/2013/texmf-dist/fonts/type1/public/amsfonts/cm/cmmi10.pfb>
</usr/local/texlive/2013/texmf-dist/fonts/type1/public/amsfonts/cm/cmmi5.pfb></
usr/local/texlive/2013/texmf-dist/fonts/type1/public/amsfonts/cm/cmmi6.pfb></us
r/local/texlive/2013/texmf-dist/fonts/type1/public/amsfonts/cm/cmmi7.pfb></usr/
local/texlive/2013/texmf-dist/fonts/type1/public/amsfonts/cm/cmmi8.pfb></usr/lo
cal/texlive/2013/texmf-dist/fonts/type1/public/amsfonts/cm/cmmi9.pfb></usr/loca
l/texlive/2013/texmf-dist/fonts/type1/public/amsfonts/cm/cmr10.pfb></usr/local/
texlive/2013/texmf-dist/fonts/type1/public/amsfonts/cm/cmr12.pfb></usr/local/te
xlive/2013/texmf-dist/fonts/type1/public/amsfonts/cm/cmr17.pfb></usr/local/texl
ive/2013/texmf-dist/fonts/type1/public/amsfonts/cm/cmr5.pfb></usr/local/texlive
/2013/texmf-dist/fonts/type1/public/amsfonts/cm/cmr6.pfb></usr/local/texlive/20
13/texmf-dist/fonts/type1/public/amsfonts/cm/cmr7.pfb></usr/local/texlive/2013/
texmf-dist/fonts/type1/public/amsfonts/cm/cmr8.pfb></usr/local/texlive/2013/tex
mf-dist/fonts/type1/public/amsfonts/cm/cmr9.pfb></usr/local/texlive/2013/texmf-
dist/fonts/type1/public/amsfonts/cm/cmsy10.pfb></usr/local/texlive/2013/texmf-d
ist/fonts/type1/public/amsfonts/cm/cmsy5.pfb></usr/local/texlive/2013/texmf-dis
t/fonts/type1/public/amsfonts/cm/cmsy7.pfb></usr/local/texlive/2013/texmf-dist/
fonts/type1/public/amsfonts/cm/cmsy8.pfb></usr/local/texlive/2013/texmf-dist/fo
nts/type1/public/amsfonts/cm/cmti10.pfb></usr/local/texlive/2013/texmf-dist/fon
ts/type1/public/amsfonts/cm/cmti8.pfb></usr/local/texlive/2013/texmf-dist/fonts
/type1/public/amsfonts/cm/cmti9.pfb></usr/local/texlive/2013/texmf-dist/fonts/t
ype1/public/amsfonts/cm/cmtt10.pfb></usr/local/texlive/2013/texmf-dist/fonts/ty
pe1/public/amsfonts/cm/cmtt12.pfb></usr/local/texlive/2013/texmf-dist/fonts/typ
e1/public/amsfonts/cm/cmtt9.pfb></usr/local/texlive/2013/texmf-dist/fonts/type1
/public/amsfonts/symbols/msbm7.pfb>
Output written on Tex/traffic_matrix_sigcomm.pdf (66 pages, 1501669 bytes).
PDF statistics:
 1387 PDF objects out of 1440 (max. 8388607)
 1211 compressed objects within 13 object streams
 329 named destinations out of 1000 (max. 500000)
 354 words of extra memory for PDF output out of 10000 (max. 10000000)

