\BOOKMARK [1][-]{section.1}{Introduction}{}% 1
\BOOKMARK [2][-]{subsection.1.1}{Motivation}{section.1}% 2
\BOOKMARK [2][-]{subsection.1.2}{A primer on modelling}{section.1}% 3
\BOOKMARK [2][-]{subsection.1.3}{Chapter outline}{section.1}% 4
\BOOKMARK [1][-]{section.2}{Definitions and Notation}{}% 5
\BOOKMARK [2][-]{subsection.2.1}{Example}{section.2}% 6
\BOOKMARK [1][-]{section.3}{Measurements}{}% 7
\BOOKMARK [1][-]{section.4}{Models}{}% 8
\BOOKMARK [2][-]{subsection.4.1}{Temporal Modelling}{section.4}% 9
\BOOKMARK [2][-]{subsection.4.2}{Spatial Modelling}{section.4}% 10
\BOOKMARK [3][-]{subsubsection.4.2.1}{Simple test models}{subsection.4.2}% 11
\BOOKMARK [3][-]{subsubsection.4.2.2}{Gravity model}{subsection.4.2}% 12
\BOOKMARK [3][-]{subsubsection.4.2.3}{Generalised gravity model}{subsection.4.2}% 13
\BOOKMARK [3][-]{subsubsection.4.2.4}{Discrete choice models}{subsection.4.2}% 14
\BOOKMARK [3][-]{subsubsection.4.2.5}{Independent connections model}{subsection.4.2}% 15
\BOOKMARK [3][-]{subsubsection.4.2.6}{Low-rank spatial models}{subsection.4.2}% 16
\BOOKMARK [2][-]{subsection.4.3}{Spatio-Temporal modelling}{section.4}% 17
\BOOKMARK [3][-]{subsubsection.4.3.1}{Low-rank spatio-temporal models}{subsection.4.3}% 18
\BOOKMARK [3][-]{subsubsection.4.3.2}{Tensors and hyper-matrices}{subsection.4.3}% 19
\BOOKMARK [1][-]{section.5}{Applications}{}% 20
\BOOKMARK [2][-]{subsection.5.1}{Traffic Matrix Recovery}{section.5}% 21
\BOOKMARK [2][-]{subsection.5.2}{Network Optimisation}{section.5}% 22
\BOOKMARK [2][-]{subsection.5.3}{Reliability Analysis}{section.5}% 23
\BOOKMARK [2][-]{subsection.5.4}{Anomaly Detection}{section.5}% 24
\BOOKMARK [2][-]{subsection.5.5}{Traffic Matrix Synthesis}{section.5}% 25
\BOOKMARK [1][-]{section.6}{Future Directions}{}% 26
\BOOKMARK [1][-]{section.7}{Conclusion}{}% 27
